<?xml version="1.0" encoding="UTF-8"?>
<testsuite name="LearningProgressTrackerTest" tests="1" skipped="0" failures="1" errors="0" timestamp="2022-10-02T08:20:34" hostname="dan-ThinkPad-T480s" time="2.534">
  <properties/>
  <testcase name="start" classname="LearningProgressTrackerTest" time="2.534">
    <failure message="java.lang.AssertionError: Wrong answer in test #35&#10;&#10;Expected lowest activity: n/a, but your output was: Lowest activity: Java&#10;&#10;Please find below the output of your program during this failed test.&#10;Note that the '&gt;' character indicates the beginning of the input line.&#10;&#10;---&#10;&#10;Learning Progress Tracker&#10;&gt; add students&#10;Enter student credentials or 'back' to return:&#10;&gt; Olga Rosanne address1@mail.com&#10;The student has been added.&#10;&gt; Gwenette Anagnos address2@mail.com&#10;The student has been added.&#10;&gt; Barbara-Anne Chicky address3@mail.com&#10;The student has been added.&#10;&gt; Francesca Francis address4@mail.com&#10;The student has been added.&#10;&gt; back&#10;Total 4 students have been added&#10;&gt; list&#10;Students:&#10;1001&#10;1002&#10;1003&#10;1004&#10;&gt; add points&#10;Enter an id and points or 'back' to return&#10;&gt; 1001 5 4 3 1&#10;Points updated&#10;&gt; 1002 5 4 3 1&#10;Points updated&#10;&gt; 1003 5 4 3 1&#10;Points updated&#10;&gt; 1004 5 4 3 1&#10;Points updated&#10;&gt; back&#10;&gt; statistics&#10;Type the name of a course to see details or 'back' to quit:&#10;Most popular: Java, Databases, Spring, DSA &#10;Least popular: N/A &#10;Highest activity: Java, Databases, Spring, DSA &#10;Lowest activity: Java &#10;Easiest course: Java &#10;Hardest course: Spring" type="java.lang.AssertionError">java.lang.AssertionError: Wrong answer in test #35

Expected lowest activity: n/a, but your output was: Lowest activity: Java

Please find below the output of your program during this failed test.
Note that the '&gt;' character indicates the beginning of the input line.

---

Learning Progress Tracker
&gt; add students
Enter student credentials or 'back' to return:
&gt; Olga Rosanne address1@mail.com
The student has been added.
&gt; Gwenette Anagnos address2@mail.com
The student has been added.
&gt; Barbara-Anne Chicky address3@mail.com
The student has been added.
&gt; Francesca Francis address4@mail.com
The student has been added.
&gt; back
Total 4 students have been added
&gt; list
Students:
1001
1002
1003
1004
&gt; add points
Enter an id and points or 'back' to return
&gt; 1001 5 4 3 1
Points updated
&gt; 1002 5 4 3 1
Points updated
&gt; 1003 5 4 3 1
Points updated
&gt; 1004 5 4 3 1
Points updated
&gt; back
&gt; statistics
Type the name of a course to see details or 'back' to quit:
Most popular: Java, Databases, Spring, DSA 
Least popular: N/A 
Highest activity: Java, Databases, Spring, DSA 
Lowest activity: Java 
Easiest course: Java 
Hardest course: Spring
	at org.junit.Assert.fail(Assert.java:89)
	at org.hyperskill.hstest.stage.StageTest.start(StageTest.java:155)
	at java.base/jdk.internal.reflect.NativeMethodAccessorImpl.invoke0(Native Method)
	at java.base/jdk.internal.reflect.NativeMethodAccessorImpl.invoke(NativeMethodAccessorImpl.java:77)
	at java.base/jdk.internal.reflect.DelegatingMethodAccessorImpl.invoke(DelegatingMethodAccessorImpl.java:43)
	at java.base/java.lang.reflect.Method.invoke(Method.java:568)
	at org.junit.runners.model.FrameworkMethod$1.runReflectiveCall(FrameworkMethod.java:59)
	at org.junit.internal.runners.model.ReflectiveCallable.run(ReflectiveCallable.java:12)
	at org.junit.runners.model.FrameworkMethod.invokeExplosively(FrameworkMethod.java:56)
	at org.junit.internal.runners.statements.InvokeMethod.evaluate(InvokeMethod.java:17)
	at org.junit.runners.ParentRunner$3.evaluate(ParentRunner.java:306)
	at org.junit.runners.BlockJUnit4ClassRunner$1.evaluate(BlockJUnit4ClassRunner.java:100)
	at org.junit.runners.ParentRunner.runLeaf(ParentRunner.java:366)
	at org.junit.runners.BlockJUnit4ClassRunner.runChild(BlockJUnit4ClassRunner.java:103)
	at org.junit.runners.BlockJUnit4ClassRunner.runChild(BlockJUnit4ClassRunner.java:63)
	at org.junit.runners.ParentRunner$4.run(ParentRunner.java:331)
	at org.junit.runners.ParentRunner$1.schedule(ParentRunner.java:79)
	at org.junit.runners.ParentRunner.runChildren(ParentRunner.java:329)
	at org.junit.runners.ParentRunner.access$100(ParentRunner.java:66)
	at org.junit.runners.ParentRunner$2.evaluate(ParentRunner.java:293)
	at org.junit.runners.ParentRunner$3.evaluate(ParentRunner.java:306)
	at org.junit.runners.ParentRunner.run(ParentRunner.java:413)
	at org.junit.runner.JUnitCore.run(JUnitCore.java:137)
	at org.junit.runner.JUnitCore.run(JUnitCore.java:115)
	at org.junit.vintage.engine.execution.RunnerExecutor.execute(RunnerExecutor.java:43)
	at java.base/java.util.stream.ForEachOps$ForEachOp$OfRef.accept(ForEachOps.java:183)
	at java.base/java.util.stream.ReferencePipeline$3$1.accept(ReferencePipeline.java:197)
	at java.base/java.util.Iterator.forEachRemaining(Iterator.java:133)
	at java.base/java.util.Spliterators$IteratorSpliterator.forEachRemaining(Spliterators.java:1845)
	at java.base/java.util.stream.AbstractPipeline.copyInto(AbstractPipeline.java:509)
	at java.base/java.util.stream.AbstractPipeline.wrapAndCopyInto(AbstractPipeline.java:499)
	at java.base/java.util.stream.ForEachOps$ForEachOp.evaluateSequential(ForEachOps.java:150)
	at java.base/java.util.stream.ForEachOps$ForEachOp$OfRef.evaluateSequential(ForEachOps.java:173)
	at java.base/java.util.stream.AbstractPipeline.evaluate(AbstractPipeline.java:234)
	at java.base/java.util.stream.ReferencePipeline.forEach(ReferencePipeline.java:596)
	at org.junit.vintage.engine.VintageTestEngine.executeAllChildren(VintageTestEngine.java:82)
	at org.junit.vintage.engine.VintageTestEngine.execute(VintageTestEngine.java:73)
	at org.junit.platform.launcher.core.EngineExecutionOrchestrator.execute(EngineExecutionOrchestrator.java:108)
	at org.junit.platform.launcher.core.EngineExecutionOrchestrator.execute(EngineExecutionOrchestrator.java:88)
	at org.junit.platform.launcher.core.EngineExecutionOrchestrator.lambda$execute$0(EngineExecutionOrchestrator.java:54)
	at org.junit.platform.launcher.core.EngineExecutionOrchestrator.withInterceptedStreams(EngineExecutionOrchestrator.java:67)
	at org.junit.platform.launcher.core.EngineExecutionOrchestrator.execute(EngineExecutionOrchestrator.java:52)
	at org.junit.platform.launcher.core.DefaultLauncher.execute(DefaultLauncher.java:96)
	at org.junit.platform.launcher.core.DefaultLauncher.execute(DefaultLauncher.java:75)
	at org.gradle.api.internal.tasks.testing.junitplatform.JUnitPlatformTestClassProcessor$CollectAllTestClassesExecutor.processAllTestClasses(JUnitPlatformTestClassProcessor.java:99)
	at org.gradle.api.internal.tasks.testing.junitplatform.JUnitPlatformTestClassProcessor$CollectAllTestClassesExecutor.access$000(JUnitPlatformTestClassProcessor.java:79)
	at org.gradle.api.internal.tasks.testing.junitplatform.JUnitPlatformTestClassProcessor.stop(JUnitPlatformTestClassProcessor.java:75)
	at org.gradle.api.internal.tasks.testing.SuiteTestClassProcessor.stop(SuiteTestClassProcessor.java:61)
	at java.base/jdk.internal.reflect.NativeMethodAccessorImpl.invoke0(Native Method)
	at java.base/jdk.internal.reflect.NativeMethodAccessorImpl.invoke(NativeMethodAccessorImpl.java:77)
	at java.base/jdk.internal.reflect.DelegatingMethodAccessorImpl.invoke(DelegatingMethodAccessorImpl.java:43)
	at java.base/java.lang.reflect.Method.invoke(Method.java:568)
	at org.gradle.internal.dispatch.ReflectionDispatch.dispatch(ReflectionDispatch.java:36)
	at org.gradle.internal.dispatch.ReflectionDispatch.dispatch(ReflectionDispatch.java:24)
	at org.gradle.internal.dispatch.ContextClassLoaderDispatch.dispatch(ContextClassLoaderDispatch.java:33)
	at org.gradle.internal.dispatch.ProxyDispatchAdapter$DispatchingInvocationHandler.invoke(ProxyDispatchAdapter.java:94)
	at jdk.proxy1/jdk.proxy1.$Proxy2.stop(Unknown Source)
	at org.gradle.api.internal.tasks.testing.worker.TestWorker$3.run(TestWorker.java:193)
	at org.gradle.api.internal.tasks.testing.worker.TestWorker.executeAndMaintainThreadName(TestWorker.java:129)
	at org.gradle.api.internal.tasks.testing.worker.TestWorker.execute(TestWorker.java:100)
	at org.gradle.api.internal.tasks.testing.worker.TestWorker.execute(TestWorker.java:60)
	at org.gradle.process.internal.worker.child.ActionExecutionWorker.execute(ActionExecutionWorker.java:56)
	at org.gradle.process.internal.worker.child.SystemApplicationClassLoaderWorker.call(SystemApplicationClassLoaderWorker.java:133)
	at org.gradle.process.internal.worker.child.SystemApplicationClassLoaderWorker.call(SystemApplicationClassLoaderWorker.java:71)
	at worker.org.gradle.process.internal.worker.GradleWorkerMain.run(GradleWorkerMain.java:69)
	at worker.org.gradle.process.internal.worker.GradleWorkerMain.main(GradleWorkerMain.java:74)
</failure>
  </testcase>
  <system-out><![CDATA[?[1;31m
Start test 1?[0m
Learning Progress Tracker
> back
Enter 'exit' to exit the program.
> exit
Bye!
?[1;31m
Start test 2?[0m
Learning Progress Tracker
> 
No input
?[1;31m
Start test 3?[0m
Learning Progress Tracker
>   
No input
?[1;31m
Start test 4?[0m
Learning Progress Tracker
> 	
No input
?[1;31m
Start test 5?[0m
Learning Progress Tracker
>  	
No input
?[1;31m
Start test 6?[0m
Learning Progress Tracker
> abc
Unknown command!
?[1;31m
Start test 7?[0m
Learning Progress Tracker
> quit
Unknown command!
?[1;31m
Start test 8?[0m
Learning Progress Tracker
>   brexit 
Unknown command!
?[1;31m
Start test 9?[0m
Learning Progress Tracker
> exi  t
Unknown command!
?[1;31m
Start test 10?[0m
Learning Progress Tracker
> ?
Unknown command!
?[1;31m
Start test 11?[0m
Learning Progress Tracker
> break
Unknown command!
?[1;31m
Start test 12?[0m
Learning Progress Tracker
> -exit
Unknown command!
?[1;31m
Start test 13?[0m
Learning Progress Tracker
> Ctrl+C
Unknown command!
?[1;31m
Start test 14?[0m
Learning Progress Tracker
> exit please
Unknown command!
?[1;31m
Start test 15?[0m
Learning Progress Tracker
> :q
Unknown command!
?[1;31m
Start test 16?[0m
Learning Progress Tracker
> java
Unknown command!
?[1;31m
Start test 17?[0m
Learning Progress Tracker
> spring
Unknown command!
?[1;31m
Start test 18?[0m
Learning Progress Tracker
> dsa
Unknown command!
?[1;31m
Start test 19?[0m
Learning Progress Tracker
> databases
Unknown command!
?[1;31m
Start test 20?[0m
Learning Progress Tracker
> add students
Enter student credentials or 'back' to return:
> exit
Incorrect credentials
> back
Total 0 students have been added
> back
Enter 'exit' to exit the program.
> exit
Bye!
?[1;31m
Start test 21?[0m
Learning Progress Tracker
> add students
Enter student credentials or 'back' to return:
> John Smith jsmith@hotmail.com
The student has been added.
> Anny Doolittle anny.md@mail.edu
The student has been added.
> Jean-Claude O'Connor jcda123@google.net
The student has been added.
> Mary Emelianenko 125367at@zzz90.z9
The student has been added.
> Al Owen u15da125@a1s2f4f7.a1c2c5s4
The student has been added.
> Robert Jemison Van de Graaff robertvdgraaff@mit.edu
The student has been added.
> Ed Eden a1@a1.a1
The student has been added.
> na'me s-u ii@ii.ii
The student has been added.
> n'a me su aa-b'b ab@ab.ab
The student has been added.
> nA me 1@1.1
The student has been added.
> back
Total 10 students have been added
?[1;31m
Start test 22?[0m
Learning Progress Tracker
> add students
Enter student credentials or 'back' to return:
> 
Incorrect credentials
>  	
Incorrect credentials
> name surname
Incorrect credentials
> n surname email@email.xyz
Incorrect first name.
> 'name surname email@email.xyz
Incorrect first name.
> -name surname email@email.xyz
Incorrect first name.
> name- surname email@email.xyz
Incorrect first name.
> name' surname email@email.xyz
Incorrect first name.
> nam-'e surname email@email.xyz
Incorrect first name.
> na'-me surname email@email.xyz
Incorrect first name.
> na--me surname email@email.xyz
Incorrect first name.
> na''me surname email@email.xyz
Incorrect first name.
> námé surname email@email.xyz
Incorrect first name.
> name s email@email.xyz
Incorrect last name.
> name -surname email@email.xyz
Incorrect last name.
> name 'surname email@email.xyz
Incorrect last name.
> name surnam''e email@email.xyz
Incorrect last name.
> name surn--ame email@email.xyz
Incorrect last name.
> name s'-urname email@email.xyz
Incorrect last name.
> name su-'rname email@email.xyz
Incorrect last name.
> name surname- email@email.xyz
Incorrect last name.
> name surname' email@email.xyz
Incorrect last name.
> name surnámé email@email.xyz
Incorrect last name.
> name surname emailemail.xyz
Incorrect email.
> name surname email@emailxyz
Incorrect email.
> name surname email@e@mail.xyz
Incorrect email.
> back
Total 0 students have been added
?[1;31m
Start test 23?[0m
Learning Progress Tracker
> add students
Enter student credentials or 'back' to return:
> back
Total 0 students have been added
> list
No students found.
?[1;31m
Start test 24?[0m
Learning Progress Tracker
> add students
Enter student credentials or 'back' to return:
> Olga Rosanne address1@mail.com
The student has been added.
> Olga Rosanne address1@mail.com
This email is already taken.
> Aurie Dorisa address2@mail.com
The student has been added.
> Aurie Dorisa address2@mail.com
This email is already taken.
> Barbara-Anne Chicky address3@mail.com
The student has been added.
> Barbara-Anne Chicky address3@mail.com
This email is already taken.
> Trixie Winer address4@mail.com
The student has been added.
> Trixie Winer address4@mail.com
This email is already taken.
> Nonna Miko address5@mail.com
The student has been added.
> Nonna Miko address5@mail.com
This email is already taken.
> Emelia Annnora address6@mail.com
The student has been added.
> Emelia Annnora address6@mail.com
This email is already taken.
> Jermaine Naaman address7@mail.com
The student has been added.
> Jermaine Naaman address7@mail.com
This email is already taken.
> Dolley Panther address8@mail.com
The student has been added.
> Dolley Panther address8@mail.com
This email is already taken.
> Karee Antoinetta address9@mail.com
The student has been added.
> Karee Antoinetta address9@mail.com
This email is already taken.
> Ann Agnella address10@mail.com
The student has been added.
> Ann Agnella address10@mail.com
This email is already taken.
> Brandise Hardan address11@mail.com
The student has been added.
> Brandise Hardan address11@mail.com
This email is already taken.
> Amye Uriisa address12@mail.com
The student has been added.
> Amye Uriisa address12@mail.com
This email is already taken.
> back
Total 12 students have been added
?[1;31m
Start test 25?[0m
Learning Progress Tracker
> add students
Enter student credentials or 'back' to return:
> Francesca Francis address1@mail.com
The student has been added.
> Dolley Panther address2@mail.com
The student has been added.
> Hedwig Wally address3@mail.com
The student has been added.
> Natka Herculie address4@mail.com
The student has been added.
> Leola Whelan address5@mail.com
The student has been added.
> Alexina Belcher address6@mail.com
The student has been added.
> Anjanette Uis address7@mail.com
The student has been added.
> Toby Bleier address8@mail.com
The student has been added.
> Carmella Campman address9@mail.com
The student has been added.
> Karee Antoinetta address10@mail.com
The student has been added.
> Ricki Trovillion address11@mail.com
The student has been added.
> Amye Uriisa address12@mail.com
The student has been added.
> back
Total 12 students have been added
> list
Students:
1001
1002
1003
1004
1005
1006
1007
1008
1009
1010
1011
1012
?[1;31m
Start test 26?[0m
Learning Progress Tracker
> add points
Enter an id and points or 'back' to return
> back
> back
Enter 'exit' to exit the program.
> exit
Bye!
?[1;31m
Start test 27?[0m
Learning Progress Tracker
> add students
Enter student credentials or 'back' to return:
> Hedwig Wally address1@mail.com
The student has been added.
> Nonna Miko address2@mail.com
The student has been added.
> Natka Herculie address3@mail.com
The student has been added.
> Dalia Gleeson address4@mail.com
The student has been added.
> Ann Agnella address5@mail.com
The student has been added.
> Olga Rosanne address6@mail.com
The student has been added.
> back
Total 6 students have been added
> list
Students:
1001
1002
1003
1004
1005
1006
> add points
Enter an id and points or 'back' to return
> 1001 
Incorrect points format.
> 1001 -1 1 1 1
Incorrect points format.
> 1001 1 1 2 A
Incorrect points format.
> 1001 1 1 1
Incorrect points format.
> 1001 1 1 1 1 1
Incorrect points format.
> imsurethereisnosuchstudentid 1 1 1 1
No student is found for id=imsurethereisnosuchstudentid
?[1;31m
Start test 28?[0m
Learning Progress Tracker
> add students
Enter student credentials or 'back' to return:
> Natka Herculie address1@mail.com
The student has been added.
> Dalia Gleeson address2@mail.com
The student has been added.
> Leola Whelan address3@mail.com
The student has been added.
> Carmella Campman address4@mail.com
The student has been added.
> Francesca Francis address5@mail.com
The student has been added.
> Toby Bleier address6@mail.com
The student has been added.
> back
Total 6 students have been added
> list
Students:
1001
1002
1003
1004
1005
1006
> add points
Enter an id and points or 'back' to return
> 1001 6 3 6 5
Points updated
> 1002 8 7 2 7
Points updated
> 1003 3 8 1 7
Points updated
> 1004 6 3 8 6
Points updated
> 1005 5 10 6 6
Points updated
> 1006 3 9 6 9
Points updated
?[1;31m
Start test 29?[0m
Learning Progress Tracker
> find
Enter an id and points or 'back' to return
> back
> back
Enter 'exit' to exit the program.
> exit
Bye!
?[1;31m
Start test 30?[0m
Learning Progress Tracker
> add students
Enter student credentials or 'back' to return:
> Dolley Panther address1@mail.com
The student has been added.
> Roxi Hett address2@mail.com
The student has been added.
> Olga Rosanne address3@mail.com
The student has been added.
> Beatrisa Jegar address4@mail.com
The student has been added.
> Carmella Campman address5@mail.com
The student has been added.
> back
Total 5 students have been added
> list
Students:
1001
1002
1003
1004
1005
> add points
Enter an id and points or 'back' to return
> 1001 0 0 0 0
Points updated
> 1001 0 0 0 0
Points updated
> 1002 1 1 1 1
Points updated
> 1002 1 1 1 1
Points updated
> 1003 2 2 2 2
Points updated
> 1003 2 2 2 2
Points updated
> 1004 3 3 3 3
Points updated
> 1004 3 3 3 3
Points updated
> 1005 4 4 4 4
Points updated
> 1005 4 4 4 4
Points updated
> back
> find
Enter an id and points or 'back' to return
> 1001
1001 points: Java=0; DSA=0; Databases=0; Spring=0
> 1002
1002 points: Java=2; DSA=2; Databases=2; Spring=2
> 1003
1003 points: Java=4; DSA=4; Databases=4; Spring=4
> 1004
1004 points: Java=6; DSA=6; Databases=6; Spring=6
> 1005
1005 points: Java=8; DSA=8; Databases=8; Spring=8
?[1;31m
Start test 31?[0m
Learning Progress Tracker
> statistics
Type the name of a course to see details or 'back' to quit:
Most popular: N/A 
Least popular: N/A 
Highest activity: N/A 
Lowest activity: N/A 
Easiest course: N/A 
Hardest course: N/A
> back
> back
Enter 'exit' to exit the program.
> exit
Bye!
?[1;31m
Start test 32?[0m
Learning Progress Tracker
> statistics
Type the name of a course to see details or 'back' to quit:
Most popular: N/A 
Least popular: N/A 
Highest activity: N/A 
Lowest activity: N/A 
Easiest course: N/A 
Hardest course: N/A
?[1;31m
Start test 33?[0m
Learning Progress Tracker
> statistics
Type the name of a course to see details or 'back' to quit:
Most popular: N/A 
Least popular: N/A 
Highest activity: N/A 
Lowest activity: N/A 
Easiest course: N/A 
Hardest course: N/A
> Java
Java
id	points	completed
Unknown course.
> DSA
DSA
id	points	completed
Unknown course.
> Databases
Databases
id	points	completed
Unknown course.
> Spring
Spring
id	points	completed
Unknown course.
> abc
Unknown course.
> quit
Unknown course.
>   brexit 
Unknown course.
> exi  t
Unknown course.
> ?
Unknown course.
> break
Unknown course.
> -exit
Unknown course.
> Ctrl+C
Unknown course.
> exit please
Unknown course.
> :q
Unknown course.
?[1;31m
Start test 34?[0m
Learning Progress Tracker
> statistics
Type the name of a course to see details or 'back' to quit:
Most popular: N/A 
Least popular: N/A 
Highest activity: N/A 
Lowest activity: N/A 
Easiest course: N/A 
Hardest course: N/A
> back
> back
Enter 'exit' to exit the program.
> exit
Bye!
?[1;31m
Start test 35?[0m
Learning Progress Tracker
> add students
Enter student credentials or 'back' to return:
> Olga Rosanne address1@mail.com
The student has been added.
> Gwenette Anagnos address2@mail.com
The student has been added.
> Barbara-Anne Chicky address3@mail.com
The student has been added.
> Francesca Francis address4@mail.com
The student has been added.
> back
Total 4 students have been added
> list
Students:
1001
1002
1003
1004
> add points
Enter an id and points or 'back' to return
> 1001 5 4 3 1
Points updated
> 1002 5 4 3 1
Points updated
> 1003 5 4 3 1
Points updated
> 1004 5 4 3 1
Points updated
> back
> statistics
Type the name of a course to see details or 'back' to quit:
Most popular: Java, Databases, Spring, DSA 
Least popular: N/A 
Highest activity: Java, Databases, Spring, DSA 
Lowest activity: Java 
Easiest course: Java 
Hardest course: Spring
]]></system-out>
  <system-err><![CDATA[]]></system-err>
</testsuite>
